#! /mingw64/bin/vvp
:ivl_version "12.0 (stable)";
:ivl_delay_selection "TYPICAL";
:vpi_time_precision - 12;
:vpi_module "C:\msys64\mingw64\lib\ivl\system.vpi";
:vpi_module "C:\msys64\mingw64\lib\ivl\vhdl_sys.vpi";
:vpi_module "C:\msys64\mingw64\lib\ivl\vhdl_textio.vpi";
:vpi_module "C:\msys64\mingw64\lib\ivl\v2005_math.vpi";
:vpi_module "C:\msys64\mingw64\lib\ivl\va_math.vpi";
S_000001b0e90f27b0 .scope module, "test_bench" "test_bench" 2 1;
 .timescale 0 0;
v000001b0e9190f70_0 .var "a", 0 0;
v000001b0e9190890_0 .var "b", 0 0;
v000001b0e9190b10_0 .var "c_in", 0 0;
v000001b0e91902f0_0 .net "c_out", 0 0, L_000001b0e9191470;  1 drivers
v000001b0e9190750_0 .net "sum", 0 0, L_000001b0e9117320;  1 drivers
S_000001b0e90f2940 .scope module, "fa" "full_adder" 2 8, 3 2 0, S_000001b0e90f27b0;
 .timescale -9 -12;
    .port_info 0 /INPUT 1 "a";
    .port_info 1 /INPUT 1 "b";
    .port_info 2 /INPUT 1 "c_in";
    .port_info 3 /OUTPUT 1 "sum";
    .port_info 4 /OUTPUT 1 "c_out";
L_000001b0e90fc8a0 .functor XOR 1, v000001b0e9190f70_0, v000001b0e9190890_0, C4<0>, C4<0>;
L_000001b0e9117320 .functor XOR 1, L_000001b0e90fc8a0, v000001b0e9190b10_0, C4<0>, C4<0>;
L_000001b0e9117510 .functor AND 1, v000001b0e9190f70_0, v000001b0e9190890_0, C4<1>, C4<1>;
L_000001b0e90fe0e0 .functor AND 1, v000001b0e9190f70_0, v000001b0e9190b10_0, C4<1>, C4<1>;
L_000001b0e90fe410 .functor OR 1, L_000001b0e9117510, L_000001b0e90fe0e0, C4<0>, C4<0>;
L_000001b0e91910f0 .functor AND 1, v000001b0e9190b10_0, v000001b0e9190890_0, C4<1>, C4<1>;
L_000001b0e9191470 .functor OR 1, L_000001b0e90fe410, L_000001b0e91910f0, C4<0>, C4<0>;
v000001b0e90fc800_0 .net *"_ivl_0", 0 0, L_000001b0e90fc8a0;  1 drivers
v000001b0e9117090_0 .net *"_ivl_10", 0 0, L_000001b0e91910f0;  1 drivers
v000001b0e90fce30_0 .net *"_ivl_4", 0 0, L_000001b0e9117510;  1 drivers
v000001b0e90fced0_0 .net *"_ivl_6", 0 0, L_000001b0e90fe0e0;  1 drivers
v000001b0e90f2ad0_0 .net *"_ivl_8", 0 0, L_000001b0e90fe410;  1 drivers
v000001b0e90f2b70_0 .net "a", 0 0, v000001b0e9190f70_0;  1 drivers
v000001b0e90fdce0_0 .net "b", 0 0, v000001b0e9190890_0;  1 drivers
v000001b0e90fdd80_0 .net "c_in", 0 0, v000001b0e9190b10_0;  1 drivers
v000001b0e90fde20_0 .net "c_out", 0 0, L_000001b0e9191470;  alias, 1 drivers
v000001b0e9190610_0 .net "sum", 0 0, L_000001b0e9117320;  alias, 1 drivers
    .scope S_000001b0e90f27b0;
T_0 ;
    %pushi/vec4 0, 0, 1;
    %store/vec4 v000001b0e9190f70_0, 0, 1;
    %pushi/vec4 0, 0, 1;
    %store/vec4 v000001b0e9190890_0, 0, 1;
    %pushi/vec4 0, 0, 1;
    %store/vec4 v000001b0e9190b10_0, 0, 1;
    %vpi_call 2 15 "$monitor", "a: %d, b: %d, c in: %d, sum: %d, c out: %d", v000001b0e9190f70_0, v000001b0e9190890_0, v000001b0e9190b10_0, v000001b0e9190750_0, v000001b0e91902f0_0 {0 0 0};
    %end;
    .thread T_0;
# The file index is used to find the file name in the following table.
:file_names 4;
    "N/A";
    "<interactive>";
    "testBench.v";
    "src/fullAdder.v";
